TN:
SF:middleware\auth.js
FN:13,(anonymous_0)
FN:119,(anonymous_1)
FNF:2
FNH:2
FNDA:9,(anonymous_0)
FNDA:3,(anonymous_1)
DA:6,1
DA:7,1
DA:13,1
DA:14,9
DA:15,9
DA:17,9
DA:18,2
DA:24,7
DA:27,7
DA:30,5
DA:38,5
DA:39,5
DA:41,5
DA:42,4
DA:43,4
DA:49,5
DA:50,1
DA:51,1
DA:61,1
DA:69,4
DA:70,1
DA:77,3
DA:78,2
DA:87,2
DA:93,1
DA:95,2
DA:101,2
DA:102,1
DA:108,1
DA:119,1
DA:120,3
DA:121,3
DA:123,3
DA:124,2
DA:125,2
DA:127,1
DA:134,2
DA:137,1
DA:141,1
LF:39
LH:39
BRDA:17,0,0,2
BRDA:17,0,1,7
BRDA:17,1,0,9
BRDA:17,1,1,8
BRDA:41,2,0,4
BRDA:41,2,1,1
BRDA:49,3,0,1
BRDA:49,3,1,4
BRDA:49,4,0,5
BRDA:49,4,1,2
BRDA:50,5,0,1
BRDA:50,5,1,0
BRDA:69,6,0,1
BRDA:69,6,1,3
BRDA:69,7,0,4
BRDA:69,7,1,1
BRDA:77,8,0,2
BRDA:77,8,1,1
BRDA:77,9,0,3
BRDA:77,9,1,2
BRDA:84,10,0,2
BRDA:84,10,1,1
BRDA:101,11,0,1
BRDA:101,11,1,1
BRDA:123,12,0,2
BRDA:123,12,1,1
BRDA:123,13,0,3
BRDA:123,13,1,2
BRF:28
BRH:27
end_of_record
TN:
SF:middleware\errorHandler.js
FN:14,(anonymous_0)
FN:73,(anonymous_1)
FNF:2
FNH:0
FNDA:0,(anonymous_0)
FNDA:0,(anonymous_1)
DA:12,0
DA:14,0
DA:16,0
DA:19,0
DA:31,0
DA:32,0
DA:33,0
DA:34,0
DA:38,0
DA:40,0
DA:41,0
DA:42,0
DA:43,0
DA:44,0
DA:45,0
DA:46,0
DA:47,0
DA:48,0
DA:49,0
DA:53,0
DA:55,0
DA:57,0
DA:64,0
DA:73,0
DA:75,0
DA:80,0
DA:87,0
LF:27
LH:0
BRDA:31,0,0,0
BRDA:31,0,1,0
BRDA:31,1,0,0
BRDA:31,1,1,0
BRDA:32,2,0,0
BRDA:32,2,1,0
BRDA:33,3,0,0
BRDA:33,3,1,0
BRDA:34,4,0,0
BRDA:34,4,1,0
BRDA:38,5,0,0
BRDA:38,5,1,0
BRDA:40,6,0,0
BRDA:40,6,1,0
BRDA:42,7,0,0
BRDA:42,7,1,0
BRDA:44,8,0,0
BRDA:44,8,1,0
BRDA:46,9,0,0
BRDA:46,9,1,0
BRDA:48,10,0,0
BRDA:48,10,1,0
BRDA:55,11,0,0
BRDA:55,11,1,0
BRDA:55,12,0,0
BRDA:55,12,1,0
BRDA:66,13,0,0
BRDA:66,13,1,0
BRF:28
BRH:0
end_of_record
TN:
SF:middleware\rateLimiter.js
FN:15,(anonymous_0)
FN:32,(anonymous_1)
FN:37,(anonymous_2)
FN:47,(anonymous_3)
FN:110,(anonymous_4)
FN:123,(anonymous_5)
FNF:6
FNH:4
FNDA:0,(anonymous_0)
FNDA:11,(anonymous_1)
FNDA:119,(anonymous_2)
FNDA:131,(anonymous_3)
FNDA:11,(anonymous_4)
FNDA:0,(anonymous_5)
DA:9,1
DA:12,1
DA:15,1
DA:16,0
DA:17,0
DA:18,0
DA:19,0
DA:32,1
DA:39,119
DA:40,119
DA:41,119
DA:45,11
DA:47,11
DA:48,131
DA:49,131
DA:52,131
DA:54,131
DA:56,10
DA:60,10
DA:63,131
DA:66,131
DA:67,131
DA:69,131
DA:70,131
DA:71,131
DA:74,131
DA:75,5
DA:81,5
DA:83,5
DA:91,126
DA:98,1
DA:106,1
DA:111,11
DA:112,11
DA:113,11
DA:119,1
DA:124,0
DA:125,0
DA:126,0
DA:131,1
DA:137,1
LF:41
LH:34
BRDA:18,0,0,0
BRDA:18,0,1,0
BRDA:32,1,0,0
BRDA:34,2,0,2
BRDA:35,3,0,0
BRDA:36,4,0,6
BRDA:37,5,0,8
BRDA:39,6,0,119
BRDA:39,6,1,0
BRDA:39,6,2,0
BRDA:40,7,0,119
BRDA:40,7,1,0
BRDA:43,8,0,11
BRDA:44,9,0,11
BRDA:54,10,0,10
BRDA:54,10,1,121
BRDA:54,11,0,131
BRDA:54,11,1,121
BRDA:74,12,0,5
BRDA:74,12,1,126
BRDA:111,13,0,11
BRDA:111,13,1,0
BRDA:111,13,2,0
BRDA:112,14,0,11
BRDA:112,14,1,0
BRDA:124,15,0,0
BRDA:124,15,1,0
BRDA:124,15,2,0
BRDA:125,16,0,0
BRDA:125,16,1,0
BRF:30
BRH:15
end_of_record
TN:
SF:middleware\superAdminAuth.js
FN:15,(anonymous_0)
FNF:1
FNH:1
FNDA:9,(anonymous_0)
DA:6,1
DA:7,1
DA:15,1
DA:16,9
DA:17,9
DA:19,9
DA:20,2
DA:26,7
DA:29,7
DA:32,5
DA:33,4
DA:41,4
DA:48,1
DA:54,1
DA:56,2
DA:61,2
DA:62,1
DA:68,1
DA:75,1
LF:19
LH:19
BRDA:19,0,0,2
BRDA:19,0,1,7
BRDA:19,1,0,9
BRDA:19,1,1,8
BRDA:32,2,0,4
BRDA:32,2,1,1
BRDA:38,3,0,4
BRDA:38,3,1,1
BRDA:61,4,0,1
BRDA:61,4,1,1
BRF:10
BRH:10
end_of_record
TN:
SF:middleware\tenantResolver.js
FN:9,(anonymous_0)
FNF:1
FNH:1
FNDA:10,(anonymous_0)
DA:6,1
DA:7,1
DA:9,1
DA:10,10
DA:11,10
DA:13,10
DA:14,2
DA:20,8
DA:22,7
DA:23,1
DA:29,6
DA:30,1
DA:37,5
DA:38,5
DA:40,1
DA:45,1
DA:52,1
LF:17
LH:17
BRDA:13,0,0,2
BRDA:13,0,1,8
BRDA:22,1,0,1
BRDA:22,1,1,6
BRDA:29,2,0,1
BRDA:29,2,1,5
BRF:6
BRH:6
end_of_record
TN:
SF:middleware\validateRequest.js
FN:6,(anonymous_0)
FN:7,(anonymous_1)
FN:29,(anonymous_2)
FN:69,(anonymous_3)
FNF:4
FNH:0
FNDA:0,(anonymous_0)
FNDA:0,(anonymous_1)
FNDA:0,(anonymous_2)
FNDA:0,(anonymous_3)
DA:6,0
DA:7,0
DA:8,0
DA:10,0
DA:11,0
DA:12,0
DA:16,0
DA:17,0
DA:24,0
DA:29,0
DA:30,0
DA:32,0
DA:33,0
DA:40,0
DA:41,0
DA:42,0
DA:43,0
DA:48,0
DA:49,0
DA:57,0
DA:58,0
DA:59,0
DA:65,0
DA:69,0
DA:70,0
DA:71,0
DA:73,0
DA:74,0
DA:80,0
DA:81,0
DA:87,0
DA:90,0
LF:32
LH:0
BRDA:11,0,0,0
BRDA:11,0,1,0
BRDA:11,1,0,0
BRDA:11,1,1,0
BRDA:11,1,2,0
BRDA:16,2,0,0
BRDA:16,2,1,0
BRDA:32,3,0,0
BRDA:32,3,1,0
BRDA:32,4,0,0
BRDA:32,4,1,0
BRDA:32,4,2,0
BRDA:42,5,0,0
BRDA:42,5,1,0
BRDA:48,6,0,0
BRDA:48,6,1,0
BRDA:48,7,0,0
BRDA:48,7,1,0
BRDA:58,8,0,0
BRDA:58,8,1,0
BRDA:58,9,0,0
BRDA:58,9,1,0
BRDA:73,10,0,0
BRDA:73,10,1,0
BRDA:80,11,0,0
BRDA:80,11,1,0
BRF:26
BRH:0
end_of_record
TN:
SF:middleware\webhookVerifier.js
FN:18,(anonymous_0)
FN:36,(anonymous_1)
FN:45,(anonymous_2)
FN:151,(anonymous_3)
FNF:4
FNH:3
FNDA:0,(anonymous_0)
FNDA:10,(anonymous_1)
FNDA:9,(anonymous_2)
FNDA:10,(anonymous_3)
DA:11,1
DA:12,1
DA:15,1
DA:18,1
DA:19,0
DA:20,0
DA:21,0
DA:22,0
DA:36,1
DA:43,10
DA:45,10
DA:46,9
DA:49,9
DA:50,1
DA:54,1
DA:57,8
DA:58,8
DA:59,8
DA:62,8
DA:63,1
DA:67,1
DA:74,7
DA:75,7
DA:76,7
DA:77,7
DA:79,7
DA:80,2
DA:84,2
DA:92,5
DA:93,2
DA:94,1
DA:98,1
DA:107,4
DA:108,4
DA:109,4
DA:115,4
DA:116,4
DA:118,4
DA:120,1
DA:124,1
DA:131,3
DA:132,1
DA:135,3
DA:140,3
DA:151,1
DA:152,10
DA:153,10
DA:154,10
DA:159,10
DA:165,1
DA:170,1
DA:177,1
LF:52
LH:48
BRDA:21,0,0,0
BRDA:21,0,1,0
BRDA:36,1,0,6
BRDA:38,2,0,8
BRDA:39,3,0,8
BRDA:40,4,0,8
BRDA:41,5,0,9
BRDA:42,6,0,9
BRDA:49,7,0,1
BRDA:49,7,1,8
BRDA:62,8,0,1
BRDA:62,8,1,7
BRDA:74,9,0,7
BRDA:74,9,1,0
BRDA:79,10,0,2
BRDA:79,10,1,5
BRDA:79,11,0,7
BRDA:79,11,1,7
BRDA:79,11,2,6
BRDA:92,12,0,2
BRDA:92,12,1,3
BRDA:93,13,0,1
BRDA:93,13,1,1
BRDA:107,14,0,4
BRDA:107,14,1,4
BRDA:108,15,0,4
BRDA:108,15,1,0
BRDA:118,16,0,1
BRDA:118,16,1,3
BRDA:118,17,0,4
BRDA:118,17,1,3
BRDA:131,18,0,1
BRDA:131,18,1,2
BRDA:151,19,0,3
BRDA:152,20,0,10
BRDA:152,20,1,3
BRF:36
BRH:32
end_of_record
TN:
SF:utils\logger.js
FN:28,(anonymous_0)
FN:35,(anonymous_1)
FN:61,(anonymous_2)
FN:84,(anonymous_3)
FN:85,(anonymous_4)
FN:86,(anonymous_5)
FN:87,(anonymous_6)
FN:92,(anonymous_7)
FN:100,(anonymous_8)
FN:101,(anonymous_9)
FN:102,(anonymous_10)
FN:103,(anonymous_11)
FN:104,(anonymous_12)
FN:105,(anonymous_13)
FN:112,(anonymous_14)
FN:141,(anonymous_15)
FNF:16
FNH:0
FNDA:0,(anonymous_0)
FNDA:0,(anonymous_1)
FNDA:0,(anonymous_2)
FNDA:0,(anonymous_3)
FNDA:0,(anonymous_4)
FNDA:0,(anonymous_5)
FNDA:0,(anonymous_6)
FNDA:0,(anonymous_7)
FNDA:0,(anonymous_8)
FNDA:0,(anonymous_9)
FNDA:0,(anonymous_10)
FNDA:0,(anonymous_11)
FNDA:0,(anonymous_12)
FNDA:0,(anonymous_13)
FNDA:0,(anonymous_14)
FNDA:0,(anonymous_15)
DA:12,0
DA:15,0
DA:23,0
DA:28,0
DA:29,0
DA:35,0
DA:36,0
DA:37,0
DA:38,0
DA:39,0
DA:41,0
DA:43,0
DA:54,0
DA:61,0
DA:62,0
DA:64,0
DA:66,0
DA:67,0
DA:69,0
DA:70,0
DA:72,0
DA:73,0
DA:75,0
DA:76,0
DA:83,0
DA:84,0
DA:85,0
DA:86,0
DA:87,0
DA:93,0
DA:94,0
DA:100,0
DA:101,0
DA:102,0
DA:103,0
DA:104,0
DA:105,0
DA:112,0
DA:114,0
DA:117,0
DA:124,0
DA:125,0
DA:132,0
DA:134,0
DA:141,0
DA:143,0
DA:151,0
DA:152,0
DA:154,0
DA:161,0
LF:50
LH:0
BRDA:35,0,0,0
BRDA:37,1,0,0
BRDA:37,1,1,0
BRDA:38,2,0,0
BRDA:38,2,1,0
BRDA:39,3,0,0
BRDA:39,3,1,0
BRDA:41,4,0,0
BRDA:41,4,1,0
BRDA:50,5,0,0
BRDA:50,5,1,0
BRDA:61,6,0,0
BRDA:64,7,0,0
BRDA:64,7,1,0
BRDA:64,7,2,0
BRDA:64,7,3,0
BRDA:72,8,0,0
BRDA:72,8,1,0
BRDA:75,9,0,0
BRDA:75,9,1,0
BRDA:84,10,0,0
BRDA:85,11,0,0
BRDA:86,12,0,0
BRDA:87,13,0,0
BRDA:92,14,0,0
BRDA:101,15,0,0
BRDA:102,16,0,0
BRDA:103,17,0,0
BRDA:104,18,0,0
BRDA:105,19,0,0
BRDA:124,20,0,0
BRDA:124,20,1,0
BRDA:151,21,0,0
BRDA:151,21,1,0
BRDA:151,21,2,0
BRDA:152,22,0,0
BRDA:152,22,1,0
BRF:37
BRH:0
end_of_record
TN:
SF:utils\orderUtils.js
FN:9,(anonymous_0)
FN:10,(anonymous_1)
FN:12,(anonymous_2)
FN:20,(anonymous_3)
FN:27,(anonymous_4)
FN:34,(anonymous_5)
FN:44,(anonymous_6)
FN:64,(anonymous_7)
FN:76,(anonymous_8)
FN:90,(anonymous_9)
FN:95,(anonymous_10)
FN:107,(anonymous_11)
FN:119,(anonymous_12)
FNF:13
FNH:0
FNDA:0,(anonymous_0)
FNDA:0,(anonymous_1)
FNDA:0,(anonymous_2)
FNDA:0,(anonymous_3)
FNDA:0,(anonymous_4)
FNDA:0,(anonymous_5)
FNDA:0,(anonymous_6)
FNDA:0,(anonymous_7)
FNDA:0,(anonymous_8)
FNDA:0,(anonymous_9)
FNDA:0,(anonymous_10)
FNDA:0,(anonymous_11)
FNDA:0,(anonymous_12)
DA:9,0
DA:10,0
DA:11,0
DA:12,0
DA:13,0
DA:20,0
DA:21,0
DA:27,0
DA:28,0
DA:34,0
DA:35,0
DA:44,0
DA:45,0
DA:46,0
DA:47,0
DA:48,0
DA:50,0
DA:51,0
DA:52,0
DA:54,0
DA:55,0
DA:56,0
DA:58,0
DA:64,0
DA:65,0
DA:76,0
DA:90,0
DA:91,0
DA:95,0
DA:107,0
DA:119,0
DA:120,0
DA:121,0
DA:124,0
DA:125,0
DA:126,0
DA:128,0
DA:129,0
DA:133,0
DA:136,0
LF:40
LH:0
BRDA:12,0,0,0
BRDA:12,0,1,0
BRDA:20,1,0,0
BRDA:34,2,0,0
BRDA:50,3,0,0
BRDA:50,3,1,0
BRDA:51,4,0,0
BRDA:51,4,1,0
BRDA:52,5,0,0
BRDA:52,5,1,0
BRDA:55,6,0,0
BRDA:55,6,1,0
BRDA:56,7,0,0
BRDA:56,7,1,0
BRDA:72,8,0,0
BRDA:72,8,1,0
BRDA:73,9,0,0
BRDA:73,9,1,0
BRDA:74,10,0,0
BRDA:74,10,1,0
BRDA:75,11,0,0
BRDA:75,11,1,0
BRDA:79,12,0,0
BRDA:79,12,1,0
BRDA:120,13,0,0
BRDA:120,13,1,0
BRDA:120,14,0,0
BRDA:120,14,1,0
BRDA:125,15,0,0
BRDA:125,15,1,0
BRDA:125,16,0,0
BRDA:125,16,1,0
BRDA:125,16,2,0
BRDA:125,16,3,0
BRDA:128,17,0,0
BRDA:128,17,1,0
BRF:36
BRH:0
end_of_record
